# JRE version: Java(TM) SE Runtime Environment (8.0_91-b15) (build 1.8.0_91-b15)
# Java VM: Java HotSpot(TM) 64-Bit Server VM (25.91-b15 mixed mode windows-amd64 compressed oops)
Heap:
 PSYoungGen      total 41472K, used 18163K [0x00000000d5980000, 0x00000000d8780000, 0x0000000100000000)
  eden space 37888K, 39% used [0x00000000d5980000,0x00000000d6810860,0x00000000d7e80000)
  from space 3584K, 90% used [0x00000000d7f80000,0x00000000d82ac430,0x00000000d8300000)
  to   space 4608K, 0% used [0x00000000d8300000,0x00000000d8300000,0x00000000d8780000)
 ParOldGen       total 87552K, used 18629K [0x0000000080c00000, 0x0000000086180000, 0x00000000d5980000)
  object space 87552K, 21% used [0x0000000080c00000,0x0000000081e31620,0x0000000086180000)
 Metaspace       used 18110K, capacity 18448K, committed 18688K, reserved 1064960K
  class space    used 2105K, capacity 2229K, committed 2304K, reserved 1048576K
GC Heap History (10 events):
Event: 62.714 GC heap before
{Heap before GC invocations=31 (full 0):
 PSYoungGen      total 47104K, used 45168K [0x00000000d5980000, 0x00000000d8d80000, 0x0000000100000000)
  eden space 43008K, 100% used [0x00000000d5980000,0x00000000d8380000,0x00000000d8380000)
  from space 4096K, 52% used [0x00000000d8980000,0x00000000d8b9c120,0x00000000d8d80000)
  to   space 5120K, 0% used [0x00000000d8380000,0x00000000d8380000,0x00000000d8880000)
 ParOldGen       total 87552K, used 17411K [0x0000000080c00000, 0x0000000086180000, 0x00000000d5980000)
  object space 87552K, 19% used [0x0000000080c00000,0x0000000081d00fb8,0x0000000086180000)
 Metaspace       used 18091K, capacity 18384K, committed 18688K, reserved 1064960K
  class space    used 2105K, capacity 2229K, committed 2304K, reserved 1048576K
Event: 62.716 GC heap after
Heap after GC invocations=31 (full 0):
 PSYoungGen      total 43520K, used 1408K [0x00000000d5980000, 0x00000000d8c80000, 0x0000000100000000)
  eden space 41984K, 0% used [0x00000000d5980000,0x00000000d5980000,0x00000000d8280000)
  from space 1536K, 91% used [0x00000000d8380000,0x00000000d84e0000,0x00000000d8500000)
  to   space 5120K, 0% used [0x00000000d8780000,0x00000000d8780000,0x00000000d8c80000)
 ParOldGen       total 87552K, used 17539K [0x0000000080c00000, 0x0000000086180000, 0x00000000d5980000)
  object space 87552K, 20% used [0x0000000080c00000,0x0000000081d20dd8,0x0000000086180000)
 Metaspace       used 18091K, capacity 18384K, committed 18688K, reserved 1064960K
  class space    used 2105K, capacity 2229K, committed 2304K, reserved 1048576K
}
Event: 62.918 GC heap before
{Heap before GC invocations=32 (full 0):
 PSYoungGen      total 43520K, used 43392K [0x00000000d5980000, 0x00000000d8c80000, 0x0000000100000000)
  eden space 41984K, 100% used [0x00000000d5980000,0x00000000d8280000,0x00000000d8280000)
  from space 1536K, 91% used [0x00000000d8380000,0x00000000d84e0000,0x00000000d8500000)
  to   space 5120K, 0% used [0x00000000d8780000,0x00000000d8780000,0x00000000d8c80000)
 ParOldGen       total 87552K, used 17539K [0x0000000080c00000, 0x0000000086180000, 0x00000000d5980000)
  object space 87552K, 20% used [0x0000000080c00000,0x0000000081d20e00,0x0000000086180000)
 Metaspace       used 18091K, capacity 18384K, committed 18688K, reserved 1064960K
  class space    used 2105K, capacity 2229K, committed 2304K, reserved 1048576K
Event: 62.921 GC heap after
Heap after GC invocations=32 (full 0):
 PSYoungGen      total 44032K, used 1632K [0x00000000d5980000, 0x00000000d8a80000, 0x0000000100000000)
  eden space 40960K, 0% used [0x00000000d5980000,0x00000000d5980000,0x00000000d8180000)
  from space 3072K, 53% used [0x00000000d8780000,0x00000000d8918000,0x00000000d8a80000)
  to   space 4608K, 0% used [0x00000000d8180000,0x00000000d8180000,0x00000000d8600000)
 ParOldGen       total 87552K, used 18403K [0x0000000080c00000, 0x0000000086180000, 0x00000000d5980000)
  object space 87552K, 21% used [0x0000000080c00000,0x0000000081df8e00,0x0000000086180000)
 Metaspace       used 18091K, capacity 18384K, committed 18688K, reserved 1064960K
  class space    used 2105K, capacity 2229K, committed 2304K, reserved 1048576K
}
Event: 63.078 GC heap before
{Heap before GC invocations=33 (full 0):
 PSYoungGen      total 44032K, used 42592K [0x00000000d5980000, 0x00000000d8a80000, 0x0000000100000000)
  eden space 40960K, 100% used [0x00000000d5980000,0x00000000d8180000,0x00000000d8180000)
  from space 3072K, 53% used [0x00000000d8780000,0x00000000d8918000,0x00000000d8a80000)
  to   space 4608K, 0% used [0x00000000d8180000,0x00000000d8180000,0x00000000d8600000)
 ParOldGen       total 87552K, used 18405K [0x0000000080c00000, 0x0000000086180000, 0x00000000d5980000)
  object space 87552K, 21% used [0x0000000080c00000,0x0000000081df9620,0x0000000086180000)
 Metaspace       used 18091K, capacity 18384K, committed 18688K, reserved 1064960K
  class space    used 2105K, capacity 2229K, committed 2304K, reserved 1048576K
Event: 63.080 GC heap after
Heap after GC invocations=33 (full 0):
 PSYoungGen      total 41472K, used 1216K [0x00000000d5980000, 0x00000000d8980000, 0x0000000100000000)
  eden space 39936K, 0% used [0x00000000d5980000,0x00000000d5980000,0x00000000d8080000)
  from space 1536K, 79% used [0x00000000d8180000,0x00000000d82b0000,0x00000000d8300000)
  to   space 4608K, 0% used [0x00000000d8500000,0x00000000d8500000,0x00000000d8980000)
 ParOldGen       total 87552K, used 18501K [0x0000000080c00000, 0x0000000086180000, 0x00000000d5980000)
  object space 87552K, 21% used [0x0000000080c00000,0x0000000081e11620,0x0000000086180000)
 Metaspace       used 18091K, capacity 18384K, committed 18688K, reserved 1064960K
  class space    used 2105K, capacity 2229K, committed 2304K, reserved 1048576K
}
Event: 63.309 GC heap before
{Heap before GC invocations=34 (full 0):
 PSYoungGen      total 41472K, used 41152K [0x00000000d5980000, 0x00000000d8980000, 0x0000000100000000)
  eden space 39936K, 100% used [0x00000000d5980000,0x00000000d8080000,0x00000000d8080000)
  from space 1536K, 79% used [0x00000000d8180000,0x00000000d82b0000,0x00000000d8300000)
  to   space 4608K, 0% used [0x00000000d8500000,0x00000000d8500000,0x00000000d8980000)
 ParOldGen       total 87552K, used 18501K [0x0000000080c00000, 0x0000000086180000, 0x00000000d5980000)
  object space 87552K, 21% used [0x0000000080c00000,0x0000000081e11620,0x0000000086180000)
 Metaspace       used 18092K, capacity 18384K, committed 18688K, reserved 1064960K
  class space    used 2105K, capacity 2229K, committed 2304K, reserved 1048576K
Event: 63.312 GC heap after
Heap after GC invocations=34 (full 0):
 PSYoungGen      total 41472K, used 1760K [0x00000000d5980000, 0x00000000d8780000, 0x0000000100000000)
  eden space 38912K, 0% used [0x00000000d5980000,0x00000000d5980000,0x00000000d7f80000)
  from space 2560K, 68% used [0x00000000d8500000,0x00000000d86b8000,0x00000000d8780000)
  to   space 4096K, 0% used [0x00000000d7f80000,0x00000000d7f80000,0x00000000d8380000)
 ParOldGen       total 87552K, used 18549K [0x0000000080c00000, 0x0000000086180000, 0x00000000d5980000)
  object space 87552K, 21% used [0x0000000080c00000,0x0000000081e1d620,0x0000000086180000)
 Metaspace       used 18092K, capacity 18384K, committed 18688K, reserved 1064960K
  class space    used 2105K, capacity 2229K, committed 2304K, reserved 1048576K
}
Event: 63.565 GC heap before
{Heap before GC invocations=35 (full 0):
 PSYoungGen      total 41472K, used 40672K [0x00000000d5980000, 0x00000000d8780000, 0x0000000100000000)
  eden space 38912K, 100% used [0x00000000d5980000,0x00000000d7f80000,0x00000000d7f80000)
  from space 2560K, 68% used [0x00000000d8500000,0x00000000d86b8000,0x00000000d8780000)
  to   space 4096K, 0% used [0x00000000d7f80000,0x00000000d7f80000,0x00000000d8380000)
 ParOldGen       total 87552K, used 18549K [0x0000000080c00000, 0x0000000086180000, 0x00000000d5980000)
  object space 87552K, 21% used [0x0000000080c00000,0x0000000081e1d620,0x0000000086180000)
 Metaspace       used 18102K, capacity 18448K, committed 18688K, reserved 1064960K
  class space    used 2105K, capacity 2229K, committed 2304K, reserved 1048576K
Event: 63.567 GC heap after
Heap after GC invocations=35 (full 0):
 PSYoungGen      total 41472K, used 3249K [0x00000000d5980000, 0x00000000d8780000, 0x0000000100000000)
  eden space 37888K, 0% used [0x00000000d5980000,0x00000000d5980000,0x00000000d7e80000)
  from space 3584K, 90% used [0x00000000d7f80000,0x00000000d82ac430,0x00000000d8300000)
  to   space 4608K, 0% used [0x00000000d8300000,0x00000000d8300000,0x00000000d8780000)
 ParOldGen       total 87552K, used 18629K [0x0000000080c00000, 0x0000000086180000, 0x00000000d5980000)
  object space 87552K, 21% used [0x0000000080c00000,0x0000000081e31620,0x0000000086180000)
 Metaspace       used 18102K, capacity 18448K, committed 18688K, reserved 1064960K
  class space    used 2105K, capacity 2229K, committed 2304K, reserved 1048576K
}

