# JRE version: Java(TM) SE Runtime Environment (8.0_91-b15) (build 1.8.0_91-b15)
# Java VM: Java HotSpot(TM) 64-Bit Server VM (25.91-b15 mixed mode windows-amd64 compressed oops)
Heap:
 PSYoungGen      total 37888K, used 37674K [0x00000000d5980000, 0x00000000d8780000, 0x0000000100000000)
  eden space 32768K, 100% used [0x00000000d5980000,0x00000000d7980000,0x00000000d7980000)
  from space 5120K, 95% used [0x00000000d7a00000,0x00000000d7eca900,0x00000000d7f00000)
  to   space 7168K, 0% used [0x00000000d8080000,0x00000000d8080000,0x00000000d8780000)
 ParOldGen       total 87552K, used 3112K [0x0000000080c00000, 0x0000000086180000, 0x00000000d5980000)
  object space 87552K, 3% used [0x0000000080c00000,0x0000000080f0a140,0x0000000086180000)
 Metaspace       used 17932K, capacity 18256K, committed 18688K, reserved 1064960K
  class space    used 2105K, capacity 2229K, committed 2304K, reserved 1048576K
GC Heap History (10 events):
Event: 4.769 GC heap before
{Heap before GC invocations=1 (full 0):
 PSYoungGen      total 38400K, used 33280K [0x00000000d5980000, 0x00000000d8400000, 0x0000000100000000)
  eden space 33280K, 100% used [0x00000000d5980000,0x00000000d7a00000,0x00000000d7a00000)
  from space 5120K, 0% used [0x00000000d7f00000,0x00000000d7f00000,0x00000000d8400000)
  to   space 5120K, 0% used [0x00000000d7a00000,0x00000000d7a00000,0x00000000d7f00000)
 ParOldGen       total 87552K, used 0K [0x0000000080c00000, 0x0000000086180000, 0x00000000d5980000)
  object space 87552K, 0% used [0x0000000080c00000,0x0000000080c00000,0x0000000086180000)
 Metaspace       used 13847K, capacity 14086K, committed 14464K, reserved 1062912K
  class space    used 1750K, capacity 1808K, committed 1920K, reserved 1048576K
Event: 4.775 GC heap after
Heap after GC invocations=1 (full 0):
 PSYoungGen      total 38400K, used 5056K [0x00000000d5980000, 0x00000000d8400000, 0x0000000100000000)
  eden space 33280K, 0% used [0x00000000d5980000,0x00000000d5980000,0x00000000d7a00000)
  from space 5120K, 98% used [0x00000000d7a00000,0x00000000d7ef0108,0x00000000d7f00000)
  to   space 5120K, 0% used [0x00000000d7f00000,0x00000000d7f00000,0x00000000d8400000)
 ParOldGen       total 87552K, used 35K [0x0000000080c00000, 0x0000000086180000, 0x00000000d5980000)
  object space 87552K, 0% used [0x0000000080c00000,0x0000000080c08c50,0x0000000086180000)
 Metaspace       used 13847K, capacity 14086K, committed 14464K, reserved 1062912K
  class space    used 1750K, capacity 1808K, committed 1920K, reserved 1048576K
}
Event: 36.497 GC heap before
{Heap before GC invocations=2 (full 0):
 PSYoungGen      total 38400K, used 38336K [0x00000000d5980000, 0x00000000d8400000, 0x0000000100000000)
  eden space 33280K, 100% used [0x00000000d5980000,0x00000000d7a00000,0x00000000d7a00000)
  from space 5120K, 98% used [0x00000000d7a00000,0x00000000d7ef0108,0x00000000d7f00000)
  to   space 5120K, 0% used [0x00000000d7f00000,0x00000000d7f00000,0x00000000d8400000)
 ParOldGen       total 87552K, used 35K [0x0000000080c00000, 0x0000000086180000, 0x00000000d5980000)
  object space 87552K, 0% used [0x0000000080c00000,0x0000000080c08c50,0x0000000086180000)
 Metaspace       used 17312K, capacity 17578K, committed 17792K, reserved 1064960K
  class space    used 2031K, capacity 2132K, committed 2176K, reserved 1048576K
Event: 36.504 GC heap after
Heap after GC invocations=2 (full 0):
 PSYoungGen      total 38400K, used 5101K [0x00000000d5980000, 0x00000000d8400000, 0x0000000100000000)
  eden space 33280K, 0% used [0x00000000d5980000,0x00000000d5980000,0x00000000d7a00000)
  from space 5120K, 99% used [0x00000000d7f00000,0x00000000d83fb5a0,0x00000000d8400000)
  to   space 5120K, 0% used [0x00000000d7a00000,0x00000000d7a00000,0x00000000d7f00000)
 ParOldGen       total 87552K, used 2119K [0x0000000080c00000, 0x0000000086180000, 0x00000000d5980000)
  object space 87552K, 2% used [0x0000000080c00000,0x0000000080e11e68,0x0000000086180000)
 Metaspace       used 17312K, capacity 17578K, committed 17792K, reserved 1064960K
  class space    used 2031K, capacity 2132K, committed 2176K, reserved 1048576K
}
Event: 65.319 GC heap before
{Heap before GC invocations=3 (full 0):
 PSYoungGen      total 38400K, used 38051K [0x00000000d5980000, 0x00000000d8400000, 0x0000000100000000)
  eden space 33280K, 99% used [0x00000000d5980000,0x00000000d79ad778,0x00000000d7a00000)
  from space 5120K, 99% used [0x00000000d7f00000,0x00000000d83fb5a0,0x00000000d8400000)
  to   space 5120K, 0% used [0x00000000d7a00000,0x00000000d7a00000,0x00000000d7f00000)
 ParOldGen       total 87552K, used 2119K [0x0000000080c00000, 0x0000000086180000, 0x00000000d5980000)
  object space 87552K, 2% used [0x0000000080c00000,0x0000000080e11e68,0x0000000086180000)
 Metaspace       used 17849K, capacity 18128K, committed 18432K, reserved 1064960K
  class space    used 2105K, capacity 2229K, committed 2304K, reserved 1048576K
Event: 65.324 GC heap after
Heap after GC invocations=3 (full 0):
 PSYoungGen      total 38400K, used 5100K [0x00000000d5980000, 0x00000000d8400000, 0x0000000100000000)
  eden space 33280K, 0% used [0x00000000d5980000,0x00000000d5980000,0x00000000d7a00000)
  from space 5120K, 99% used [0x00000000d7a00000,0x00000000d7efb390,0x00000000d7f00000)
  to   space 5120K, 0% used [0x00000000d7f00000,0x00000000d7f00000,0x00000000d8400000)
 ParOldGen       total 87552K, used 2691K [0x0000000080c00000, 0x0000000086180000, 0x00000000d5980000)
  object space 87552K, 3% used [0x0000000080c00000,0x0000000080ea0f40,0x0000000086180000)
 Metaspace       used 17849K, capacity 18128K, committed 18432K, reserved 1064960K
  class space    used 2105K, capacity 2229K, committed 2304K, reserved 1048576K
}
Event: 69.966 GC heap before
{Heap before GC invocations=4 (full 0):
 PSYoungGen      total 38400K, used 38380K [0x00000000d5980000, 0x00000000d8400000, 0x0000000100000000)
  eden space 33280K, 100% used [0x00000000d5980000,0x00000000d7a00000,0x00000000d7a00000)
  from space 5120K, 99% used [0x00000000d7a00000,0x00000000d7efb390,0x00000000d7f00000)
  to   space 5120K, 0% used [0x00000000d7f00000,0x00000000d7f00000,0x00000000d8400000)
 ParOldGen       total 87552K, used 2691K [0x0000000080c00000, 0x0000000086180000, 0x00000000d5980000)
  object space 87552K, 3% used [0x0000000080c00000,0x0000000080ea0f40,0x0000000086180000)
 Metaspace       used 17906K, capacity 18256K, committed 18688K, reserved 1064960K
  class space    used 2105K, capacity 2229K, committed 2304K, reserved 1048576K
Event: 69.971 GC heap after
Heap after GC invocations=4 (full 0):
 PSYoungGen      total 38400K, used 5106K [0x00000000d5980000, 0x00000000d8400000, 0x0000000100000000)
  eden space 33280K, 0% used [0x00000000d5980000,0x00000000d5980000,0x00000000d7a00000)
  from space 5120K, 99% used [0x00000000d7f00000,0x00000000d83fca90,0x00000000d8400000)
  to   space 5120K, 0% used [0x00000000d7a00000,0x00000000d7a00000,0x00000000d7f00000)
 ParOldGen       total 87552K, used 3104K [0x0000000080c00000, 0x0000000086180000, 0x00000000d5980000)
  object space 87552K, 3% used [0x0000000080c00000,0x0000000080f08140,0x0000000086180000)
 Metaspace       used 17906K, capacity 18256K, committed 18688K, reserved 1064960K
  class space    used 2105K, capacity 2229K, committed 2304K, reserved 1048576K
}
Event: 70.316 GC heap before
{Heap before GC invocations=5 (full 0):
 PSYoungGen      total 38400K, used 38386K [0x00000000d5980000, 0x00000000d8400000, 0x0000000100000000)
  eden space 33280K, 100% used [0x00000000d5980000,0x00000000d7a00000,0x00000000d7a00000)
  from space 5120K, 99% used [0x00000000d7f00000,0x00000000d83fca90,0x00000000d8400000)
  to   space 5120K, 0% used [0x00000000d7a00000,0x00000000d7a00000,0x00000000d7f00000)
 ParOldGen       total 87552K, used 3104K [0x0000000080c00000, 0x0000000086180000, 0x00000000d5980000)
  object space 87552K, 3% used [0x0000000080c00000,0x0000000080f08140,0x0000000086180000)
 Metaspace       used 17921K, capacity 18256K, committed 18688K, reserved 1064960K
  class space    used 2105K, capacity 2229K, committed 2304K, reserved 1048576K
Event: 70.320 GC heap after
Heap after GC invocations=5 (full 0):
 PSYoungGen      total 37888K, used 4906K [0x00000000d5980000, 0x00000000d8780000, 0x0000000100000000)
  eden space 32768K, 0% used [0x00000000d5980000,0x00000000d5980000,0x00000000d7980000)
  from space 5120K, 95% used [0x00000000d7a00000,0x00000000d7eca900,0x00000000d7f00000)
  to   space 7168K, 0% used [0x00000000d8080000,0x00000000d8080000,0x00000000d8780000)
 ParOldGen       total 87552K, used 3112K [0x0000000080c00000, 0x0000000086180000, 0x00000000d5980000)
  object space 87552K, 3% used [0x0000000080c00000,0x0000000080f0a140,0x0000000086180000)
 Metaspace       used 17921K, capacity 18256K, committed 18688K, reserved 1064960K
  class space    used 2105K, capacity 2229K, committed 2304K, reserved 1048576K
}

